<?xml version="1.0" encoding="UTF-8"?>
<!-- Generated by org.testng.reporters.JUnitReportReporter -->
<testsuite hostname="HP" failures="0" tests="1" name="testCases.TC_002_LoginTest" time="1.629" errors="0" timestamp="2023-11-08T13:34:47 IST" skipped="0">
  <testcase classname="testCases.TC_002_LoginTest" name="test_Login" time="1.629"/>
</testsuite> <!-- testCases.TC_002_LoginTest -->
