<?xml version="1.0" encoding="UTF-8"?>
<!-- Generated by org.testng.reporters.JUnitReportReporter -->
<testsuite hostname="HP" failures="0" tests="1" name="testCases.TC_002_LoginTest" time="1.298" errors="0" timestamp="2023-11-07T14:59:00 IST" skipped="0">
  <testcase classname="testCases.TC_002_LoginTest" name="test_Login" time="1.298"/>
</testsuite> <!-- testCases.TC_002_LoginTest -->
