<?xml version="1.0" encoding="UTF-8"?>
<!-- Generated by org.testng.reporters.JUnitReportReporter -->
<testsuite hostname="HP" failures="0" tests="1" name="testCases.TC_001_AccountRegistrationTest" time="3.929" errors="0" timestamp="2023-11-07T14:59:00 IST" skipped="0">
  <testcase classname="testCases.TC_001_AccountRegistrationTest" name="test_account_Registration" time="3.929"/>
</testsuite> <!-- testCases.TC_001_AccountRegistrationTest -->
